<?xml version="1.0" encoding="UTF-8"?>
<!-- Generated by org.testng.reporters.JUnitXMLReporter -->
<testsuite hostname="IN6080-01" ignored="0" name="Test" tests="4" failures="0" timestamp="22 Jul 2020 16:03:06 GMT" time="0.031" errors="0">
  <testcase name="nativeAndroid" time="0.015" classname="sweetymaven.sonali.AppiumTest"/>
  <testcase name="nativeIosApp" time="0.0" classname="sweetymaven.sonali.AppiumTest"/>
  <testcase name="facebookweb" time="0.0" classname="sweetymaven.sonali.SeleniumTest"/>
  <testcase name="yahooweb" time="0.0" classname="sweetymaven.sonali.SeleniumTest"/>
</testsuite> <!-- Test -->
